<?xml version="1.0" encoding="utf-8"?><testsuites name="pytest tests"><testsuite name="pytest" errors="0" failures="0" skipped="0" tests="9" time="87.396" timestamp="2026-07-03T05:24:55.458138+00:00" hostname="agent-env-ac9215d3-73e6-41f7-8315-9407217fd1ff"><testcase classname="backend.tests.test_code_review_regression.TestAuth" name="test_admin_login_and_secure_cookies" time="0.396" /><testcase classname="backend.tests.test_code_review_regression.TestAuth" name="test_premium_user_login" time="0.360" /><testcase classname="backend.tests.test_code_review_regression.TestTarot" name="test_tarot_returns_valid_three_card_spread" time="13.535" /><testcase classname="backend.tests.test_code_review_regression.TestTarot" name="test_tarot_rng_produces_variety" time="71.612" /><testcase classname="backend.tests.test_code_review_regression.TestTarot" name="test_free_user_blocked_from_tarot" time="0.423" /><testcase classname="backend.tests.test_code_review_regression.TestPaymentsWebhook" name="test_invalid_signature_returns_400" time="0.101" /><testcase classname="backend.tests.test_code_review_regression.TestPanchang" name="test_panchang_today" time="0.103" /><testcase classname="backend.tests.test_code_review_regression.TestAstrologyTiers" name="test_basic_astrology_start_returns_chart" time="0.368" /><testcase classname="backend.tests.test_code_review_regression.TestAstrologyTiers" name="test_premium_astrology_start_returns_chart" time="0.436" /></testsuite></testsuites>