<?xml version="1.0" encoding="utf-8"?><testsuites name="pytest tests"><testsuite name="pytest" errors="0" failures="0" skipped="0" tests="13" time="17.500" timestamp="2026-04-27T18:50:40.133047+00:00" hostname="agent-env-ac9215d3-73e6-41f7-8315-9407217fd1ff"><testcase classname="backend.tests.test_numerology.TestNumerologyCalc" name="test_sample_rahul_sharma" time="0.298" /><testcase classname="backend.tests.test_numerology.TestNumerologyCalc" name="test_bad_date_format" time="0.046" /><testcase classname="backend.tests.test_numerology.TestNumerologyCalc" name="test_empty_full_name" time="0.051" /><testcase classname="backend.tests.test_numerology.TestNumerologyCalc" name="test_whitespace_full_name" time="0.051" /><testcase classname="backend.tests.test_numerology.TestNumerologyReading" name="test_no_auth_returns_401" time="0.049" /><testcase classname="backend.tests.test_numerology.TestNumerologyReading" name="test_non_premium_returns_403" time="0.336" /><testcase classname="backend.tests.test_numerology.TestNumerologyReading" name="test_premium_returns_profile_and_advice" time="16.155" /><testcase classname="backend.tests.test_numerology.TestRegression" name="test_root" time="0.051" /><testcase classname="backend.tests.test_numerology.TestRegression" name="test_panchang" time="0.121" /><testcase classname="backend.tests.test_numerology.TestRegression" name="test_festivals" time="0.094" /><testcase classname="backend.tests.test_numerology.TestRegression" name="test_nakshatras" time="0.055" /><testcase classname="backend.tests.test_numerology.TestRegression" name="test_auth_me" time="0.051" /><testcase classname="backend.tests.test_numerology.TestRegression" name="test_readings_list" time="0.064" /></testsuite></testsuites>