<?xml version="1.0" encoding="utf-8"?><testsuites name="pytest tests"><testsuite name="pytest" errors="0" failures="0" skipped="0" tests="6" time="53.992" timestamp="2026-05-01T05:36:07.108035+00:00" hostname="agent-env-ac9215d3-73e6-41f7-8315-9407217fd1ff"><testcase classname="backend.tests.test_rashifal.TestRashifal" name="test_rashifal_default_tz_payload" time="25.886" /><testcase classname="backend.tests.test_rashifal.TestRashifal" name="test_rashifal_cache_hit_fast" time="0.049" /><testcase classname="backend.tests.test_rashifal.TestRashifal" name="test_rashifal_invalid_tz_returns_400" time="0.058" /><testcase classname="backend.tests.test_rashifal.TestRashifal" name="test_rashifal_alt_timezone_valid" time="27.704" /><testcase classname="backend.tests.test_rashifal.TestRegression" name="test_panchang_today" time="0.054" /><testcase classname="backend.tests.test_rashifal.TestRegression" name="test_festivals_upcoming" time="0.092" /></testsuite></testsuites>