<?xml version="1.0" encoding="utf-8"?><testsuites name="pytest tests"><testsuite name="pytest" errors="0" failures="1" skipped="0" tests="65" time="103.382" timestamp="2026-04-27T18:35:36.925289+00:00" hostname="agent-env-ac9215d3-73e6-41f7-8315-9407217fd1ff"><testcase classname="backend.tests.test_vedic_api.TestHealth" name="test_api_root" time="0.193" /><testcase classname="backend.tests.test_vedic_api.TestGrahas" name="test_list_grahas_returns_9" time="0.054" /><testcase classname="backend.tests.test_vedic_api.TestGrahas" name="test_get_graha_surya" time="0.055" /><testcase classname="backend.tests.test_vedic_api.TestGrahas" name="test_get_graha_not_found" time="0.061" /><testcase classname="backend.tests.test_vedic_api.TestNakshatras" name="test_list_nakshatras_returns_27" time="0.048" /><testcase classname="backend.tests.test_vedic_api.TestNakshatras" name="test_get_nakshatra_by_id" time="0.056" /><testcase classname="backend.tests.test_vedic_api.TestNakshatras" name="test_get_nakshatra_not_found" time="0.047" /><testcase classname="backend.tests.test_vedic_api.TestAuthRegister" name="test_register_new_user" time="0.301" /><testcase classname="backend.tests.test_vedic_api.TestAuthRegister" name="test_register_duplicate_email" time="0.341" /><testcase classname="backend.tests.test_vedic_api.TestAuthLogin" name="test_login_success" time="0.311" /><testcase classname="backend.tests.test_vedic_api.TestAuthLogin" name="test_login_invalid_password" time="0.289" /><testcase classname="backend.tests.test_vedic_api.TestAuthLogin" name="test_login_nonexistent_user" time="0.059" /><testcase classname="backend.tests.test_vedic_api.TestAuthMe" name="test_me_with_cookie" time="0.335" /><testcase classname="backend.tests.test_vedic_api.TestAuthMe" name="test_me_without_auth" time="0.105" /><testcase classname="backend.tests.test_vedic_api.TestAdminUser" name="test_admin_login" time="0.275" /><testcase classname="backend.tests.test_vedic_api.TestSubscription" name="test_subscribe_upgrade_to_premium" time="0.383" /><testcase classname="backend.tests.test_vedic_api.TestSubscription" name="test_subscribe_without_auth" time="0.215" /><testcase classname="backend.tests.test_vedic_api.TestSubscription" name="test_subscribe_invalid_tier" time="0.388" /><testcase classname="backend.tests.test_vedic_api.TestAstrologyBasic" name="test_basic_requires_auth" time="0.133" /><testcase classname="backend.tests.test_vedic_api.TestAstrologyBasic" name="test_basic_requires_tier" time="0.328" /><testcase classname="backend.tests.test_vedic_api.TestAstrologyBasic" name="test_basic_with_basic_tier" time="14.762" /><testcase classname="backend.tests.test_vedic_api.TestAstrologyPremium" name="test_premium_requires_premium_tier" time="0.376" /><testcase classname="backend.tests.test_vedic_api.TestAstrologyPremium" name="test_premium_with_premium_tier" time="48.768" /><testcase classname="backend.tests.test_vedic_api.TestInputValidation" name="test_invalid_date_format" time="0.405" /><testcase classname="backend.tests.test_vedic_api.TestInputValidation" name="test_invalid_time_format" time="0.335" /><testcase classname="backend.tests.test_readings_archive.TestReadingsList" name="test_list_readings_requires_auth" time="0.151" /><testcase classname="backend.tests.test_readings_archive.TestReadingsList" name="test_list_readings_returns_user_readings" time="0.458" /><testcase classname="backend.tests.test_readings_archive.TestReadingsList" name="test_list_readings_empty_for_new_user" time="0.478" /><testcase classname="backend.tests.test_readings_archive.TestGetReading" name="test_get_reading_requires_auth" time="0.114" /><testcase classname="backend.tests.test_readings_archive.TestGetReading" name="test_get_reading_owner_access" time="0.107" /><testcase classname="backend.tests.test_readings_archive.TestGetReading" name="test_get_reading_non_owner_returns_404" time="0.453" /><testcase classname="backend.tests.test_readings_archive.TestGetReading" name="test_get_reading_nonexistent_returns_404" time="0.055" /><testcase classname="backend.tests.test_readings_archive.TestDeleteReading" name="test_delete_reading_requires_auth" time="0.142" /><testcase classname="backend.tests.test_readings_archive.TestDeleteReading" name="test_delete_reading_non_owner_returns_404" time="0.105" /><testcase classname="backend.tests.test_readings_archive.TestDeleteReading" name="test_delete_reading_nonexistent_returns_404" time="0.051" /><testcase classname="backend.tests.test_readings_archive.TestShareToggle" name="test_share_requires_auth" time="0.164" /><testcase classname="backend.tests.test_readings_archive.TestShareToggle" name="test_share_enable_returns_token" time="0.119" /><testcase classname="backend.tests.test_readings_archive.TestShareToggle" name="test_share_disable_clears_is_shared" time="0.150" /><testcase classname="backend.tests.test_readings_archive.TestShareToggle" name="test_share_reenable_reuses_token" time="0.202" /><testcase classname="backend.tests.test_readings_archive.TestShareToggle" name="test_share_non_owner_returns_404" time="0.111" /><testcase classname="backend.tests.test_readings_archive.TestPublicReading" name="test_public_reading_no_auth_required" time="0.224" /><testcase classname="backend.tests.test_readings_archive.TestPublicReading" name="test_public_reading_returns_404_when_not_shared" time="0.328" /><testcase classname="backend.tests.test_readings_archive.TestPublicReading" name="test_public_reading_invalid_token_returns_404" time="0.113" /><testcase classname="backend.tests.test_readings_archive.TestPublicReading" name="test_public_reading_premium_includes_chart" time="0.238" /><testcase classname="backend.tests.test_readings_archive.TestNewReadingCreation" name="test_basic_reading_stores_summary_and_is_shared" time="10.920" /><testcase classname="backend.tests.test_readings_archive.TestDeleteReadingFullFlow" name="test_delete_own_reading_removes_it" time="12.308" /><testcase classname="backend.tests.test_new_auth_features.TestRegistrationVerificationEmail" name="test_register_sends_verification_email" time="0.802" /><testcase classname="backend.tests.test_new_auth_features.TestBruteForceLockout" name="test_lockout_after_5_failed_attempts" time="2.127"><failure message="AssertionError: 6th attempt should return 429, got 401&#10;assert 401 == 429&#10; +  where 401 = &lt;Response [401]&gt;.status_code">E   AssertionError: 6th attempt should return 429, got 401
    assert 401 == 429
     +  where 401 = &lt;Response [401]&gt;.status_code</failure></testcase><testcase classname="backend.tests.test_new_auth_features.TestRefreshToken" name="test_refresh_token_issues_new_access_token" time="0.339" /><testcase classname="backend.tests.test_new_auth_features.TestRefreshToken" name="test_refresh_without_cookie_returns_401" time="0.148" /><testcase classname="backend.tests.test_new_auth_features.TestPasswordReset" name="test_forgot_password_always_returns_200" time="0.052" /><testcase classname="backend.tests.test_new_auth_features.TestPasswordReset" name="test_forgot_password_sends_email_for_existing_user" time="0.522" /><testcase classname="backend.tests.test_new_auth_features.TestPasswordReset" name="test_reset_password_full_flow" time="1.120" /><testcase classname="backend.tests.test_new_auth_features.TestPasswordReset" name="test_reset_password_invalid_token" time="0.052" /><testcase classname="backend.tests.test_new_auth_features.TestEmailVerification" name="test_send_verification_requires_auth" time="0.119" /><testcase classname="backend.tests.test_new_auth_features.TestEmailVerification" name="test_verify_email_full_flow" time="0.511" /><testcase classname="backend.tests.test_new_auth_features.TestEmailVerification" name="test_verify_email_invalid_token" time="0.052" /><testcase classname="backend.tests.test_new_auth_features.TestAdminEndpoints" name="test_admin_list_users" time="0.058" /><testcase classname="backend.tests.test_new_auth_features.TestAdminEndpoints" name="test_admin_patch_user_tier" time="0.397" /><testcase classname="backend.tests.test_new_auth_features.TestAdminEndpoints" name="test_admin_delete_user" time="0.467" /><testcase classname="backend.tests.test_new_auth_features.TestAdminEndpoints" name="test_admin_cannot_delete_self" time="0.101" /><testcase classname="backend.tests.test_new_auth_features.TestAdminEndpoints" name="test_admin_list_emails" time="0.057" /><testcase classname="backend.tests.test_new_auth_features.TestAdminEndpoints" name="test_non_admin_gets_403" time="0.512" /><testcase classname="backend.tests.test_new_auth_features.TestGoogleOAuthSession" name="test_google_session_missing_header_returns_400" time="0.063" /><testcase classname="backend.tests.test_new_auth_features.TestGoogleOAuthSession" name="test_google_session_invalid_header_returns_401" time="0.167" /></testsuite></testsuites>