<?xml version="1.0" encoding="utf-8"?><testsuites name="pytest tests"><testsuite name="pytest" errors="0" failures="1" skipped="0" tests="23" time="3.606" timestamp="2026-05-31T12:00:59.644247+00:00" hostname="agent-env-ac9215d3-73e6-41f7-8315-9407217fd1ff"><testcase classname="backend.tests.test_scheduler.TestSchedulerConfig" name="test_config_public" time="0.227" /><testcase classname="backend.tests.test_scheduler.TestSchedulerSlots" name="test_slots_default" time="0.114" /><testcase classname="backend.tests.test_scheduler.TestSchedulerSlots" name="test_slots_weeks_clamped" time="0.112" /><testcase classname="backend.tests.test_scheduler.TestAvailability" name="test_availability_non_admin_forbidden" time="0.400" /><testcase classname="backend.tests.test_scheduler.TestAvailability" name="test_availability_unauth_forbidden" time="0.100" /><testcase classname="backend.tests.test_scheduler.TestAvailability" name="test_availability_bad_slot_minutes" time="0.404" /><testcase classname="backend.tests.test_scheduler.TestAvailability" name="test_availability_bad_day" time="0.059" /><testcase classname="backend.tests.test_scheduler.TestAvailability" name="test_availability_save_and_reflect" time="0.313" /><testcase classname="backend.tests.test_scheduler.TestBooking" name="test_book_unauthenticated" time="0.261" /><testcase classname="backend.tests.test_scheduler.TestBooking" name="test_book_free_forbidden" time="0.408" /><testcase classname="backend.tests.test_scheduler.TestBooking" name="test_book_premium_success_and_confirm" time="0.123" /><testcase classname="backend.tests.test_scheduler.TestBooking" name="test_book_clash_409" time="0.056" /><testcase classname="backend.tests.test_scheduler.TestBooking" name="test_book_past_slot_rejected" time="0.054" /><testcase classname="backend.tests.test_scheduler.TestBooking" name="test_book_invalid_iso" time="0.058" /><testcase classname="backend.tests.test_scheduler.TestBooking" name="test_my_bookings" time="0.056" /><testcase classname="backend.tests.test_scheduler.TestBooking" name="test_all_bookings_admin_only" time="0.111" /><testcase classname="backend.tests.test_scheduler.TestOAuth" name="test_oauth_start_admin" time="0.060" /><testcase classname="backend.tests.test_scheduler.TestOAuth" name="test_oauth_start_non_admin" time="0.060" /><testcase classname="backend.tests.test_scheduler.TestOAuth" name="test_oauth_disconnect_admin" time="0.090" /><testcase classname="backend.tests.test_scheduler.TestOAuth" name="test_oauth_disconnect_non_admin" time="0.058" /><testcase classname="backend.tests.test_scheduler.TestRegression" name="test_payments_config" time="0.101" /><testcase classname="backend.tests.test_scheduler.TestRegression" name="test_numerology_mobile" time="0.113"><failure message="assert 422 == 200&#10; +  where 422 = &lt;Response [422]&gt;.status_code">backend/tests/test_scheduler.py:290: in test_numerology_mobile
    assert r.status_code == 200
E   assert 422 == 200
E    +  where 422 = &lt;Response [422]&gt;.status_code</failure></testcase><testcase classname="backend.tests.test_scheduler.TestRegression" name="test_premium_kundali" time="0.057" /></testsuite></testsuites>