<?xml version="1.0" encoding="utf-8"?><testsuites name="pytest tests"><testsuite name="pytest" errors="0" failures="0" skipped="0" tests="25" time="57.602" timestamp="2026-04-16T20:15:56.555109+00:00" hostname="agent-env-ac9215d3-73e6-41f7-8315-9407217fd1ff"><testcase classname="backend.tests.test_vedic_api.TestHealth" name="test_api_root" time="0.273" /><testcase classname="backend.tests.test_vedic_api.TestGrahas" name="test_list_grahas_returns_9" time="0.048" /><testcase classname="backend.tests.test_vedic_api.TestGrahas" name="test_get_graha_surya" time="0.049" /><testcase classname="backend.tests.test_vedic_api.TestGrahas" name="test_get_graha_not_found" time="0.056" /><testcase classname="backend.tests.test_vedic_api.TestNakshatras" name="test_list_nakshatras_returns_27" time="0.054" /><testcase classname="backend.tests.test_vedic_api.TestNakshatras" name="test_get_nakshatra_by_id" time="0.050" /><testcase classname="backend.tests.test_vedic_api.TestNakshatras" name="test_get_nakshatra_not_found" time="0.047" /><testcase classname="backend.tests.test_vedic_api.TestAuthRegister" name="test_register_new_user" time="0.279" /><testcase classname="backend.tests.test_vedic_api.TestAuthRegister" name="test_register_duplicate_email" time="0.333" /><testcase classname="backend.tests.test_vedic_api.TestAuthLogin" name="test_login_success" time="0.286" /><testcase classname="backend.tests.test_vedic_api.TestAuthLogin" name="test_login_invalid_password" time="0.275" /><testcase classname="backend.tests.test_vedic_api.TestAuthLogin" name="test_login_nonexistent_user" time="0.069" /><testcase classname="backend.tests.test_vedic_api.TestAuthMe" name="test_me_with_cookie" time="0.332" /><testcase classname="backend.tests.test_vedic_api.TestAuthMe" name="test_me_without_auth" time="0.161" /><testcase classname="backend.tests.test_vedic_api.TestAdminUser" name="test_admin_login" time="0.318" /><testcase classname="backend.tests.test_vedic_api.TestSubscription" name="test_subscribe_upgrade_to_premium" time="0.433" /><testcase classname="backend.tests.test_vedic_api.TestSubscription" name="test_subscribe_without_auth" time="0.153" /><testcase classname="backend.tests.test_vedic_api.TestSubscription" name="test_subscribe_invalid_tier" time="0.337" /><testcase classname="backend.tests.test_vedic_api.TestAstrologyBasic" name="test_basic_requires_auth" time="0.178" /><testcase classname="backend.tests.test_vedic_api.TestAstrologyBasic" name="test_basic_requires_tier" time="0.344" /><testcase classname="backend.tests.test_vedic_api.TestAstrologyBasic" name="test_basic_with_basic_tier" time="15.358" /><testcase classname="backend.tests.test_vedic_api.TestAstrologyPremium" name="test_premium_requires_premium_tier" time="0.429" /><testcase classname="backend.tests.test_vedic_api.TestAstrologyPremium" name="test_premium_with_premium_tier" time="36.914" /><testcase classname="backend.tests.test_vedic_api.TestInputValidation" name="test_invalid_date_format" time="0.338" /><testcase classname="backend.tests.test_vedic_api.TestInputValidation" name="test_invalid_time_format" time="0.324" /></testsuite></testsuites>