<?xml version="1.0" encoding="utf-8"?><testsuites name="pytest tests"><testsuite name="pytest" errors="0" failures="0" skipped="0" tests="11" time="15.429" timestamp="2026-07-03T04:25:14.633896+00:00" hostname="agent-env-ac9215d3-73e6-41f7-8315-9407217fd1ff"><testcase classname="backend.tests.test_security_fixes" name="test_sec001_readings_admin_login_denied" time="0.241" /><testcase classname="backend.tests.test_security_fixes" name="test_sec001_admin_me_role_tier" time="0.366" /><testcase classname="backend.tests.test_security_fixes" name="test_sec001_admin_users_list_excludes_readings_admin" time="0.380" /><testcase classname="backend.tests.test_security_fixes" name="test_sec002_forgot_password_uses_frontend_url_not_origin" time="0.474" /><testcase classname="backend.tests.test_security_fixes" name="test_sec003_cookies_secure_flag" time="0.332" /><testcase classname="backend.tests.test_security_fixes" name="test_sec003_register_weak_password_rejected" time="0.199" /><testcase classname="backend.tests.test_security_fixes" name="test_sec003_reset_password_short_rejected" time="0.116" /><testcase classname="backend.tests.test_security_fixes" name="test_regression_full_auth_flow" time="0.818" /><testcase classname="backend.tests.test_security_fixes" name="test_regression_admin_login_and_me" time="0.363" /><testcase classname="backend.tests.test_security_fixes" name="test_regression_premium_tarot_access" time="11.645" /><testcase classname="backend.tests.test_security_fixes" name="test_regression_free_user_tarot_gated" time="0.414" /></testsuite></testsuites>